<?xml version="1.0" encoding="UTF-8"?>
<!-- Generated by org.testng.reporters.JUnitXMLReporter -->
<testsuite hostname="LAPTOP-3KT6NNCC" ignored="0" name="Default test" tests="5" failures="0" timestamp="19 Aug 2019 09:53:46 GMT" time="33.516" errors="0">
  <testcase name="testStatusCode" time="15.495" classname="com.qa.RestAPI.RestAssuredTest"/>
  <testcase name="testLogging" time="6.295" classname="com.qa.RestAPI.RestAssuredTest"/>
  <testcase name="testXMLCodeContainsString" time="2.93" classname="com.qa.RestAPI.RestAssuredTest"/>
  <testcase name="testXMLCodeContainsText" time="7.29" classname="com.qa.RestAPI.RestAssuredTest"/>
  <testcase name="testXMLCodeContainsAnyText" time="1.193" classname="com.qa.RestAPI.RestAssuredTest"/>
</testsuite> <!-- Default test -->
