<?xml version="1.0" encoding="UTF-8" ?>
<testsuite tests="2" failures="2" name="com.qa.RestAPI.RestAssuredTest" time="0.888" errors="0" skipped="0">
  <properties>
[...]
</properties>
  <testcase classname="com.qa.RestAPI.RestAssuredTest" name="testLogging" time="0.886">
    <failure message="io/restassured/mapper/factory/GsonObjectMapperFactory" type="java.lang.NoClassDefFoundError">java.lang.NoClassDefFoundError: io/restassured/mapper/factory/GsonObjectMapperFactory
	at io.restassured.config.RestAssuredConfig.&lt;init&gt;(RestAssuredConfig.java:41)
	at io.restassured.RestAssured.&lt;clinit&gt;(RestAssured.java:420)
	at com.qa.RestAPI.RestAssuredTest.testLogging(RestAssuredTest.java:27)
Caused by: java.lang.ClassNotFoundException: io.restassured.mapper.factory.GsonObjectMapperFactory
	at java.net.URLClassLoader.findClass(URLClassLoader.java:382)
	at java.lang.ClassLoader.loadClass(ClassLoader.java:424)
	at sun.misc.Launcher$AppClassLoader.loadClass(Launcher.java:349)
	at java.lang.ClassLoader.loadClass(ClassLoader.java:357)
	... 37 more
</failure>
    <system-out>Configuring TestNG with: org.apache.maven.surefire.testng.conf.TestNG652Configurator@123a439b
</system-out>
  </testcase>
  <testcase classname="com.qa.RestAPI.RestAssuredTest" name="testStatusCode" time="0.002">
    <failure message="Could not initialize class io.restassured.RestAssured" type="java.lang.NoClassDefFoundError">java.lang.NoClassDefFoundError: Could not initialize class io.restassured.RestAssured
	at com.qa.RestAPI.RestAssuredTest.testStatusCode(RestAssuredTest.java:16)
</failure>
  </testcase>
</testsuite>