<?xml version="1.0" encoding="UTF-8"?>
<!-- Generated by org.testng.reporters.JUnitXMLReporter -->
<testsuite hostname="LAPTOP-3KT6NNCC" ignored="0" name="Command line test" tests="2" failures="2" timestamp="30 Jul 2019 01:27:42 GMT" time="0.981" errors="0">
  <testcase name="testLogging" time="0.851" classname="com.qa.RestAPI.RestAssuredTest">
    <failure type="java.lang.NoClassDefFoundError" message="io/restassured/mapper/factory/GsonObjectMapperFactory">
      <![CDATA[java.lang.NoClassDefFoundError: io/restassured/mapper/factory/GsonObjectMapperFactory
at io.restassured.config.RestAssuredConfig.<init>(RestAssuredConfig.java:41)
at io.restassured.RestAssured.<clinit>(RestAssured.java:420)
at com.qa.RestAPI.RestAssuredTest.testLogging(RestAssuredTest.java:27)
Caused by: java.lang.ClassNotFoundException: io.restassured.mapper.factory.GsonObjectMapperFactory
at java.net.URLClassLoader.findClass(URLClassLoader.java:382)
at java.lang.ClassLoader.loadClass(ClassLoader.java:424)
at sun.misc.Launcher$AppClassLoader.loadClass(Launcher.java:349)
at java.lang.ClassLoader.loadClass(ClassLoader.java:357)
... 37 more
... Removed 34 stack frames]]>
    </failure>
  </testcase> <!-- testLogging -->
  <testcase name="testStatusCode" time="0.001" classname="com.qa.RestAPI.RestAssuredTest">
    <failure type="java.lang.NoClassDefFoundError" message="Could not initialize class io.restassured.RestAssured">
      <![CDATA[java.lang.NoClassDefFoundError: Could not initialize class io.restassured.RestAssured
at com.qa.RestAPI.RestAssuredTest.testStatusCode(RestAssuredTest.java:16)
... Removed 34 stack frames]]>
    </failure>
  </testcase> <!-- testStatusCode -->
</testsuite> <!-- Command line test -->
